{
  "stats": {
    "suites": 1,
    "tests": 2,
    "passes": 1,
    "pending": 0,
    "failures": 1,
    "start": "2020-05-12T08:39:31.355Z",
    "end": "2020-05-12T08:39:31.383Z",
    "duration": 28,
    "testsRegistered": 2,
    "passPercent": 50,
    "pendingPercent": 0,
    "other": 0,
    "hasOther": false,
    "skipped": 0,
    "hasSkipped": false
  },
  "results": [
    {
      "uuid": "d209c460-973c-420c-b8a0-e910c34441ef",
      "title": "",
      "fullFile": "",
      "file": "",
      "beforeHooks": [],
      "afterHooks": [],
      "tests": [],
      "suites": [
        {
          "uuid": "52bc668f-afc5-4460-8796-ec1cfc572f60",
          "title": "乘法",
          "fullFile": "C:\\Projects\\My\\2020\\myfull\\fullstack\\1_html5\\6_JS_Testing_Mocha\\demo1\\test\\1.test.js",
          "file": "\\test\\1.test.js",
          "beforeHooks": [],
          "afterHooks": [],
          "tests": [
            {
              "title": "1 乘 100应该等于 100",
              "fullTitle": "乘法 1 乘 100应该等于 100",
              "timedOut": false,
              "duration": 1,
              "state": "failed",
              "speed": null,
              "pass": false,
              "fail": true,
              "pending": false,
              "context": null,
              "code": "expect(multiply(1)).to.be.equal(90);",
              "err": {
                "message": "AssertionError: expected 100 to equal 90",
                "estack": "AssertionError: expected 100 to equal 90\n    at Context.<anonymous> (test\\1.test.js:6:35)\n    at processImmediate (internal/timers.js:456:21)",
                "diff": "- 100\n+ 90\n"
              },
              "uuid": "20abf9bd-ec3e-4f26-af89-228043b0f265",
              "parentUUID": "52bc668f-afc5-4460-8796-ec1cfc572f60",
              "isHook": false,
              "skipped": false
            },
            {
              "title": "0 乘 100应该等于 0",
              "fullTitle": "乘法 0 乘 100应该等于 0",
              "timedOut": false,
              "duration": 0,
              "state": "passed",
              "speed": "fast",
              "pass": true,
              "fail": false,
              "pending": false,
              "context": null,
              "code": "expect(multiply(0)).to.be.equal(0);",
              "err": {},
              "uuid": "5b828494-9878-4a6c-9ac1-768c4f5f13a6",
              "parentUUID": "52bc668f-afc5-4460-8796-ec1cfc572f60",
              "isHook": false,
              "skipped": false
            }
          ],
          "suites": [],
          "passes": [
            "5b828494-9878-4a6c-9ac1-768c4f5f13a6"
          ],
          "failures": [
            "20abf9bd-ec3e-4f26-af89-228043b0f265"
          ],
          "pending": [],
          "skipped": [],
          "duration": 1,
          "root": false,
          "rootEmpty": false,
          "_timeout": 2000
        }
      ],
      "passes": [],
      "failures": [],
      "pending": [],
      "skipped": [],
      "duration": 0,
      "root": true,
      "rootEmpty": true,
      "_timeout": 2000
    }
  ],
  "meta": {
    "mocha": {
      "version": "7.1.2"
    },
    "mochawesome": {
      "options": {
        "quiet": false,
        "reportFilename": "mochawesome",
        "saveHtml": true,
        "saveJson": true,
        "consoleReporter": "spec",
        "useInlineDiffs": false,
        "code": true
      },
      "version": "6.1.1"
    },
    "marge": {
      "options": null,
      "version": "5.1.0"
    }
  }
}